Change Component Designator: Old Designator=3v New Designator=1
Change Component Designator: Old Designator=C2 New Designator=C4
Change Component Designator: Old Designator=C3 New Designator=C5
Change Component Designator: Old Designator=C4 New Designator=C2
Change Component Designator: Old Designator=C5 New Designator=C3
Change Component Designator: Old Designator=D3 New Designator=D4
Change Component Designator: Old Designator=D3 New Designator=D5
Change Component Designator: Old Designator=D3 New Designator=D6
Change Component Designator: Old Designator=D3 New Designator=D7
Change Component Designator: Old Designator=D3 New Designator=D8
Change Component Designator: Old Designator=D3 New Designator=D9
Change Component Designator: Old Designator=D3 New Designator=D10
Change Component Designator: Old Designator=D3 New Designator=D11
Change Component Designator: Old Designator=D3 New Designator=D12
Change Component Designator: Old Designator=D3 New Designator=D13
Change Component Designator: Old Designator=D3 New Designator=D14
Change Component Designator: Old Designator=D3 New Designator=D15
Change Component Designator: Old Designator=D3 New Designator=D16
Change Component Designator: Old Designator=D3 New Designator=D17
Change Component Designator: Old Designator=D3 New Designator=D18
Change Component Designator: Old Designator=D3 New Designator=D19
Change Component Designator: Old Designator=D3 New Designator=D20
Change Component Designator: Old Designator=D3 New Designator=D21
Change Component Designator: Old Designator=D3 New Designator=D22
Change Component Designator: Old Designator=D3 New Designator=D23
Change Component Designator: Old Designator=D3 New Designator=D24
Change Component Designator: Old Designator=D3 New Designator=D25
Change Component Designator: Old Designator=D3 New Designator=D26
Change Component Designator: Old Designator=D3 New Designator=D27
Change Component Designator: Old Designator=D3 New Designator=D28
Change Component Designator: Old Designator=D3 New Designator=D29
Change Component Designator: Old Designator=D3 New Designator=D30
Change Component Designator: Old Designator=D3 New Designator=D31
Change Component Designator: Old Designator=D3 New Designator=D32
Change Component Designator: Old Designator=D3 New Designator=D33
Change Component Designator: Old Designator=D3 New Designator=D34
Change Component Designator: Old Designator=Hall New Designator=Hall1
Change Component Designator: Old Designator=J5 New Designator=J1
Change Component Designator: Old Designator=Q? New Designator=Q1
Change Component Designator: Old Designator=Q? New Designator=Q2
Change Component Designator: Old Designator=Q? New Designator=Q3
Change Component Designator: Old Designator=Q? New Designator=Q4
Change Component Designator: Old Designator=R2 New Designator=R3
Change Component Designator: Old Designator=R3 New Designator=R2
Change Component Designator: Old Designator=R4 New Designator=R6
Change Component Designator: Old Designator=R5 New Designator=R7
Change Component Designator: Old Designator=R6 New Designator=R4
Change Component Designator: Old Designator=R7 New Designator=R5
Change Component Designator: Old Designator=R? New Designator=R9
Change Component Designator: Old Designator=R? New Designator=R10
Change Component Designator: Old Designator=R? New Designator=R11
Change Component Designator: Old Designator=R? New Designator=R12
Change Component Designator: Old Designator=RF New Designator=RF1
