
ROM used:   5810/8192 (71%)
            5837/8192 (71%) including unused fragments

            3.2 Average locations per line
            12.1 Average locations per statement

RAM used:   62/368 (17%) at main() level
            104/368 (28%) worst case

Stack used: 3 worst case (2 in main + 1 for interrupts)
Stack size: 8

Lines Stmts  %   Files
----- ----- ---  -----
  283   175  36  pLED.c
  222     0   0  pLED.h
  768     0   0  ..\..\..\..\..\..\Program Files (x86)\PICC\Devices\16F887.h
   76    24   5  24256.c
   96    42   9  74595.c
  137    72  15  ds1307.c
  260   168  35  data.c
----- -----
 1842   481 Total

Page ROM  %  RAM   Vol Diff  Functions:
---- --- --- ---   --- ----  ----------
0     20   0    1             @delay_ms1
0     24   0    2             @PUTCHAR_BIU_1
0     64   1    0             @const663
0     64   1    0             @const667
0    369   6    0             @const671
0     34   1    0             @const674
0     34   1    0             @const677
0    369   6    0             @const680
0    369   6    0             @const683
 Inline         7   838  5.5  latch_write
 Inline         1   240  3.7  latch_ClearAll
0     84   1    3             @I2C_READ_2
0     92   2    1             @I2C_WRITE_2
1    286   5    1   470  2.4  ds1307_init
1    140   2    8   475  2.7  ds1307_set_date_time
 Inline         5   407  3.1  ds1307_get_date
 Inline         4   331  3.0  ds1307_get_time
1    194   3   20  1030  9.5  bin2bcd
0     20   0    3   147  4.2  bcd2bin
1   1336  23    1  9057 12.5  fetch_data
0     21   0    3             @DIV88
0     37   1    2             @MUL88
0      7   0    0    30  1.5  EXT_isr
0     76   1    1   943  4.8  RB_isr
0    106   2    0  1006  5.3  RDA_isr
0      5   0    0    17  1.3  TIMER1_isr
0    111   2    4   112  2.6  CCP1_isr
 Inline        13             @MUL3232
0      6   0    0    22  1.2  TIMER0_isr
0     28   0    0   295  1.9  var_init
2   1741  30    2  3870  9.8  MAIN
1     81   1   13             @DIV3232
 Inline         0             @cinit1

Program metrics:
    Functions               17
    Statements              481
    Comments                479
    Volume (V)              27195
    Difficulty (D)          76.5
    Effort to implement (E) 2080467
    Time to implement (T)   32 hours, 6 minutes
    Est Delivered Bugs (B)  5
    Cyclomatic Complexity   105
    Maintainability (MI)    124

 Segment     Used  Free
-----------  ----  ----
00000-00003     4  0  
00004-0005B    88  0  
0005C-007FF  1940  16  
00800-00FFF  2037  11  
01000-017FF  1741  307  
01800-01FFF     0  2048  



