
ROM used:   3734/8192 (46%)
            5437/8192 (66%) including unused fragments

            2.4 Average locations per line
            10.8 Average locations per statement

RAM used:   56/368 (15%) at main() level
            84/368 (23%) worst case

Stack used: 3 worst case (2 in main + 1 for interrupts)
Stack size: 8

Lines Stmts  %   Files
----- ----- ---  -----
  364   206  60  pLED.c
  119     0   0  pLED.h
  768     0   0  ..\..\..\..\Program Files (x86)\PICC\Devices\16F887.h
   76    24   7  24256.c
  101    44  13  74595.c
  137    72  21  ds1307.c
----- -----
 1565   346 Total

Page ROM  %  RAM   Vol Diff  Functions:
---- --- --- ---   --- ----  ----------
0     64   2    0             @const630
0     64   2    0             @const634
0    369  10    0             @const638
0     70   2    0             @const642
 Inline         7   838  5.5  latch_write
 Inline         1   240  3.7  latch_ClearAll
0     84   2    3             @I2C_READ_2
0     92   2    1             @I2C_WRITE_2
0    266   7    1   470  2.4  ds1307_init
 Inline         5   407  3.1  ds1307_get_date
 Inline         4   331  3.0  ds1307_get_time
0     20   1    3   147  4.2  bcd2bin
0      7   0    0    30  1.5  EXT_isr
0     31   1    1   365  3.3  RB_isr
0      4   0    0     5  1.0  TBE_isr
0      4   0    0     5  1.0  RDA_isr
0      5   0    0    17  1.3  TIMER1_isr
0     99   3    4   112  2.6  CCP1_isr
 Inline        13             @MUL3232
0      6   0    0    22  1.2  TIMER0_isr
0     20   1    0   197  1.8  var_init
2   1341  36    2  3120  9.9  MAIN
0     21   1    3             @DIV88
0     37   1    2             @MUL88
0     81   2   13             @DIV3232
1    927  25    3  5333  9.4  fetch_data
0     21   1    5             @MUL1616
 Inline         0             @cinit1

Program metrics:
    Functions               16
    Statements              346
    Comments                290
    Volume (V)              16268
    Difficulty (D)          56.8
    Effort to implement (E) 923889
    Time to implement (T)   14 hours, 15 minutes
    Est Delivered Bugs (B)  3
    Cyclomatic Complexity   55
    Maintainability (MI)    100

 Segment     Used  Free
-----------  ----  ----
00000-00003     4  0  
00004-00064    97  0  
00065-007FF  1365  582  
00800-00FFF   927  1121  
01000-017FF  1341  707  
01800-01FFF     0  2048  



