
ROM used:   4786/8192 (58%)
            5824/8192 (71%) including unused fragments

            2.7 Average locations per line
            10.4 Average locations per statement

RAM used:   62/368 (17%) at main() level
            104/368 (28%) worst case

Stack used: 3 worst case (2 in main + 1 for interrupts)
Stack size: 8

Lines Stmts  %   Files
----- ----- ---  -----
  279   170  37  pLED.c
  154     0   0  pLED.h
  768     0   0  ..\..\..\..\..\..\Program Files (x86)\PICC\Devices\16F887.h
   76    24   5  24256.c
   96    42   9  74595.c
  137    72  16  ds1307.c
  238   150  33  data.c
----- -----
 1748   458 Total

Page ROM  %  RAM   Vol Diff  Functions:
---- --- --- ---   --- ----  ----------
0     20   0    1             @delay_ms1
0     24   1    2             @PUTCHAR_BIU_1
0     64   1    0             @const663
0     64   1    0             @const667
0    369   8    0             @const671
0     34   1    0             @const674
0     34   1    0             @const677
 Inline         7   838  5.5  latch_write
 Inline         1   240  3.7  latch_ClearAll
0     84   2    3   453  6.9  @I2C_READ_2
0     92   2    1  3772  9.8  @I2C_WRITE_2
0    266   6    1   470  2.4  ds1307_init
0    122   3    8   475  2.7  ds1307_set_date_time
 Inline         5   407  3.1  ds1307_get_date
 Inline         4   331  3.0  ds1307_get_time
0    194   4   20  1030  9.5  bin2bcd
0     20   0    3   147  4.2  bcd2bin
1   1119  23    1  7874 12.5  fetch_data
0     21   0    3  6693 11.0  @DIV88
0     37   1    2  3772  9.8  @MUL88
0      7   0    0    30  1.5  EXT_isr
0     59   1    1   797  4.8  RB_isr
0    106   2    0  1006  5.3  RDA_isr
0      5   0    0    17  1.3  TIMER1_isr
0    111   2    4   112  2.6  CCP1_isr
 Inline        13  3772  9.8  @MUL3232
0      6   0    0    22  1.2  TIMER0_isr
0     27   1    0   295  1.9  var_init
2   1728  36    2  3772  9.8  MAIN
0     81   2   13  3655 10.4  @DIV3232
 Inline         0  3660  9.8  @cinit1

Program metrics:
    Functions               24
    Statements              458
    Comments                479
    Volume (V)              65526
    Difficulty (D)          145.5
    Effort to implement (E) 9533586
    Time to implement (T)   147 hours, 7 minutes
    Est Delivered Bugs (B)  15
    Cyclomatic Complexity   183
    Maintainability (MI)    110

 Segment     Used  Free
-----------  ----  ----
00000-00003     4  0  
00004-0005B    88  0  
0005C-007FF  1847  109  
00800-00FFF  1119  929  
01000-017FF  1728  320  
01800-01FFF     0  2048  



