Removed Pin From Net: NetName=RX Pin=J2-2
Removed Pin From Net: NetName=TX Pin=J2-3
Removed Pin From Net: NetName=GND Pin=J2-5
Removed Pin From Net: NetName=SIGHALL Pin=R1-1
Removed Pin From Net: NetName=NetD1_2 Pin=R1-2
Removed Pin From Net: NetName=GND Pin=R2-1
Removed Pin From Net: NetName=SIGHALL Pin=R2-2
Removed Pin From Net: NetName=5V Pin=R3-2
Removed Pin From Net: NetName=SCL Pin=R4-1
Removed Pin From Net: NetName=5V Pin=R4-2
Removed Pin From Net: NetName=SDA Pin=R5-1
Removed Pin From Net: NetName=5V Pin=R5-2
Removed Pin From Net: NetName=VIN+ Pin=R6-1
Removed Pin From Net: NetName=5V Pin=R6-2
Removed Pin From Net: NetName=GND Pin=R7-1
Removed Pin From Net: NetName=VIN+ Pin=R7-2
Removed Pin From Net: NetName=SIGHALL Pin=R8-1
Removed Pin From Net: NetName=NetQ1_2 Pin=R9-1
Removed Pin From Net: NetName=LED_G0 Pin=R9-2
Removed Pin From Net: NetName=NetQ2_2 Pin=R10-1
Removed Pin From Net: NetName=LED_G1 Pin=R10-2
Removed Pin From Net: NetName=NetQ3_2 Pin=R11-1
Removed Pin From Net: NetName=LED_G2 Pin=R11-2
Removed Pin From Net: NetName=NetQ4_2 Pin=R12-1
Removed Pin From Net: NetName=LED_G3 Pin=R12-2
Removed Pin From Net: NetName=5V Pin=RF1-6
Removed Pin From Net: NetName=GND Pin=RF1-7
Removed Pin From Net: NetName=TX Pin=U1-1
Removed Pin From Net: NetName=NetRF1_4 Pin=U1-14
Removed Pin From Net: NetName=NetRF1_2 Pin=U1-22
Removed Pin From Net: NetName=NetRF1_3 Pin=U1-23
Removed Pin From Net: NetName=NetC5_2 Pin=U1-30
Removed Pin From Net: NetName=RX Pin=U1-44
Removed Pin From Net: NetName=NetC5_2 Pin=Y1-2
Removed Member From Class: ClassName=SCH Member=J2
Change Component DesignItemId : Designator=RF1 Old DesignItemId=Header 8 New DesignItemId=Header 7
Change Component DesignItemId : Designator=R1 Old DesignItemId=Res1 New DesignItemId=Res Semi
Change Component DesignItemId : Designator=R2 Old DesignItemId=Res1 New DesignItemId=Res Semi
Change Component DesignItemId : Designator=R3 Old DesignItemId=Res1 New DesignItemId=Res Semi
Change Component DesignItemId : Designator=R4 Old DesignItemId=Res1 New DesignItemId=Res Semi
Change Component DesignItemId : Designator=R5 Old DesignItemId=Res1 New DesignItemId=Res Semi
Change Component DesignItemId : Designator=R6 Old DesignItemId=Res1 New DesignItemId=Res Semi
Change Component DesignItemId : Designator=R7 Old DesignItemId=Res1 New DesignItemId=Res Semi
Change Component DesignItemId : Designator=R8 Old DesignItemId=Res1 New DesignItemId=Res Semi
Change Component DesignItemId : Designator=R9 Old DesignItemId=Res1 New DesignItemId=Res Semi
Change Component DesignItemId : Designator=R10 Old DesignItemId=Res1 New DesignItemId=Res Semi
Change Component DesignItemId : Designator=R11 Old DesignItemId=Res1 New DesignItemId=Res Semi
Change Component DesignItemId : Designator=R12 Old DesignItemId=Res1 New DesignItemId=Res Semi
Change Component Footprint: Designator=R1 Old Footprint=AXIAL-0.3 New Footprint=SM/C_0805
Change Component Footprint: Designator=R2 Old Footprint=AXIAL-0.3 New Footprint=SM/C_0805
Change Component Footprint: Designator=R3 Old Footprint=AXIAL-0.3 New Footprint=SM/C_0805
Change Component Footprint: Designator=R4 Old Footprint=AXIAL-0.3 New Footprint=SM/C_0805
Change Component Footprint: Designator=R5 Old Footprint=AXIAL-0.3 New Footprint=SM/C_0805
Change Component Footprint: Designator=R6 Old Footprint=AXIAL-0.3 New Footprint=SM/C_0805
Change Component Footprint: Designator=R7 Old Footprint=AXIAL-0.3 New Footprint=SM/C_0805
Change Component Footprint: Designator=R8 Old Footprint=AXIAL-0.3 New Footprint=SM/C_0805
Change Component Footprint: Designator=R9 Old Footprint=AXIAL-0.3 New Footprint=SM/C_0805
Change Component Footprint: Designator=R10 Old Footprint=AXIAL-0.3 New Footprint=SM/C_0805
Change Component Footprint: Designator=R11 Old Footprint=AXIAL-0.3 New Footprint=SM/C_0805
Change Component Footprint: Designator=R12 Old Footprint=AXIAL-0.3 New Footprint=SM/C_0805
Change Component Footprint: Designator=RF1 Old Footprint=HDR1X8 New Footprint=HDR1X7
Change Component Comment : Designator=R1 Old Comment=Res1 New Comment=Res Semi
Change Component Comment : Designator=R2 Old Comment=Res1 New Comment=Res Semi
Change Component Comment : Designator=R3 Old Comment=Res1 New Comment=Res Semi
Change Component Comment : Designator=R4 Old Comment=Res1 New Comment=Res Semi
Change Component Comment : Designator=R5 Old Comment=Res1 New Comment=Res Semi
Change Component Comment : Designator=R6 Old Comment=Res1 New Comment=Res Semi
Change Component Comment : Designator=R7 Old Comment=Res1 New Comment=Res Semi
Change Component Comment : Designator=R8 Old Comment=Res1 New Comment=Res Semi
Change Component Comment : Designator=R9 Old Comment=Res1 New Comment=Res Semi
Change Component Comment : Designator=R10 Old Comment=Res1 New Comment=Res Semi
Change Component Comment : Designator=R11 Old Comment=Res1 New Comment=Res Semi
Change Component Comment : Designator=R12 Old Comment=Res1 New Comment=Res Semi
Change Component Designator: OldDesignator=C2 NewDesignator=C1
Change Component Designator: OldDesignator=C3 NewDesignator=C2
Change Component Designator: OldDesignator=P1 NewDesignator=P2
Change Component Designator: OldDesignator=P2 NewDesignator=P1
Change Component Designator: OldDesignator=U1 NewDesignator=U3
Change Component Designator: OldDesignator=U2 NewDesignator=U1
Change Component Designator: OldDesignator=U3 NewDesignator=U2
Change Component Designator: OldDesignator=Y2 NewDesignator=Y1
Added Component: Designator=C3(SM/C_0805)
Added Component: Designator=C4(SM/C_0805)
Added Component: Designator=C5(SM/C_0805)
Added Component: Designator=C6(SM/C_0805)
Added Component: Designator=C7(SM/C_0805)
Added Component: Designator=C8(SM/C_0805)
Added Component: Designator=C9(SM/C_0805)
Added Component: Designator=P3(HDR1X3H)
Added Component: Designator=Y2(CRYSTAL)
Added Pin To Net: NetName=NetBat1_1 Pin=C3-1
Added Pin To Net: NetName=GND Pin=C3-2
Added Pin To Net: NetName=5V Pin=C4-1
Added Pin To Net: NetName=GND Pin=C4-2
Added Pin To Net: NetName=GND Pin=C5-1
Added Pin To Net: NetName=NetC5_2 Pin=C5-2
Added Pin To Net: NetName=5V Pin=C6-1
Added Pin To Net: NetName=GND Pin=C6-2
Added Pin To Net: NetName=GND Pin=C7-1
Added Pin To Net: NetName=GND Pin=C8-1
Added Pin To Net: NetName=5V Pin=C9-1
Added Pin To Net: NetName=GND Pin=C9-2
Added Pin To Net: NetName=TX Pin=P3-1
Added Pin To Net: NetName=RX Pin=P3-2
Added Pin To Net: NetName=GND Pin=P3-3
Added Pin To Net: NetName=SCL Pin=R1-1
Added Pin To Net: NetName=5V Pin=R1-2
Added Pin To Net: NetName=SDA Pin=R2-1
Added Pin To Net: NetName=5V Pin=R2-2
Added Pin To Net: NetName=NetQ1_2 Pin=R3-1
Added Pin To Net: NetName=LED_G0 Pin=R3-2
Added Pin To Net: NetName=SIGHALL Pin=R4-1
Added Pin To Net: NetName=NetD1_2 Pin=R4-2
Added Pin To Net: NetName=GND Pin=R5-1
Added Pin To Net: NetName=SIGHALL Pin=R5-2
Added Pin To Net: NetName=NetQ2_2 Pin=R6-1
Added Pin To Net: NetName=LED_G1 Pin=R6-2
Added Pin To Net: NetName=NetC5_2 Pin=R7-1
Added Pin To Net: NetName=5V Pin=R7-2
Added Pin To Net: NetName=VIN+ Pin=R8-1
Added Pin To Net: NetName=GND Pin=R9-1
Added Pin To Net: NetName=VIN+ Pin=R9-2
Added Pin To Net: NetName=NetQ3_2 Pin=R10-1
Added Pin To Net: NetName=LED_G2 Pin=R10-2
Added Pin To Net: NetName=NetQ4_2 Pin=R11-1
Added Pin To Net: NetName=LED_G3 Pin=R11-2
Added Pin To Net: NetName=SIGHALL Pin=R12-1
Added Pin To Net: NetName=5V Pin=R12-2
Added Pin To Net: NetName=GND Pin=RF1-5
Added Pin To Net: NetName=RX Pin=U3-1
Added Pin To Net: NetName=NetRF1_2 Pin=U3-11
Added Pin To Net: NetName=NetRF1_3 Pin=U3-14
Added Pin To Net: NetName=NetRF1_4 Pin=U3-15
Added Pin To Net: NetName=TX Pin=U3-44
Change Net Name : Old Net Name=NetC2_1 New Net Name=NetC1_1
Change Net Name : Old Net Name=NetU3_1 New Net Name=NetU2_1
Change Net Name : Old Net Name=NetU3_2 New Net Name=NetU2_2
Added Pin To Net: NetName=NetC7_2 Pin=C7-2
Added Pin To Net: NetName=NetC7_2 Pin=U3-31
Added Pin To Net: NetName=NetC7_2 Pin=Y2-1
Added Net: Name=NetC7_2
Added Pin To Net: NetName=NetC8_2 Pin=C8-2
Added Pin To Net: NetName=NetC8_2 Pin=U3-30
Added Pin To Net: NetName=NetC8_2 Pin=Y2-2
Added Net: Name=NetC8_2
Added Pin To Net: NetName=NetRF1_1 Pin=RF1-1
Added Pin To Net: NetName=NetRF1_1 Pin=U3-10
Added Net: Name=NetRF1_1
Added Pin To Net: NetName=VCC Pin=RF1-7
Added Net: Name=VCC
Added Member To Class: ClassName=SCH Member=Component C3 Cap Semi
Added Member To Class: ClassName=SCH Member=Component C4 Cap Semi
Added Member To Class: ClassName=SCH Member=Component C5 Cap Semi
Added Member To Class: ClassName=SCH Member=Component C6 Cap Semi
Added Member To Class: ClassName=SCH Member=Component C7 Cap Semi
Added Member To Class: ClassName=SCH Member=Component C8 Cap Semi
Added Member To Class: ClassName=SCH Member=Component C9 Cap Semi
Added Member To Class: ClassName=SCH Member=Component P3 Header 3H
Added Room: Name=SCH
