Added Component: Designator=3v(BAT-2)
Added Component: Designator=C1(C1206)
Added Component: Designator=C2(C1206)
Added Component: Designator=C3(C1206)
Added Component: Designator=C4(RB7.6-15)
Added Component: Designator=C5(RB7.6-15)
Added Component: Designator=C6(C1206)
Added Component: Designator=C7(C1206)
Added Component: Designator=C8(RAD-0.3)
Added Component: Designator=C9(C1206)
Added Component: Designator=D1(DO-35)
Added Component: Designator=D2(DO-35)
Added Component: Designator=D3(3.5X2.8X1.9)
Added Component: Designator=Hall(HDR1X3)
Added Component: Designator=J5(HDR1X5H)
Added Component: Designator=P1(HDR1X3)
Added Component: Designator=P2(HDR1X2H)
Added Component: Designator=R1(J1-0603)
Added Component: Designator=R2(J1-0603)
Added Component: Designator=R3(J1-0603)
Added Component: Designator=R4(J1-0603)
Added Component: Designator=R5(J1-0603)
Added Component: Designator=R6(J1-0603)
Added Component: Designator=R7(J1-0603)
Added Component: Designator=R8(J1-0603)
Added Component: Designator=RF(HDR1X8)
Added Component: Designator=U1(TQFP-PT44_N)
Added Component: Designator=U2(8S1_N)
Added Component: Designator=U3(SOIC8N_N)
Added Component: Designator=Y1(CFPX-93)
Added Component: Designator=Y2(CFPX-93)
Added Pin To Net: NetName=5V Pin=C1-2
Added Pin To Net: NetName=5V Pin=C5-1
Added Pin To Net: NetName=5V Pin=C8-2
Added Pin To Net: NetName=5V Pin=C9-2
Added Pin To Net: NetName=5V Pin=Hall-1
Added Pin To Net: NetName=5V Pin=J5-2
Added Pin To Net: NetName=5V Pin=P1-3
Added Pin To Net: NetName=5V Pin=R2-2
Added Pin To Net: NetName=5V Pin=R4-2
Added Pin To Net: NetName=5V Pin=R6-2
Added Pin To Net: NetName=5V Pin=R7-2
Added Pin To Net: NetName=5V Pin=R8-2
Added Pin To Net: NetName=5V Pin=RF-6
Added Pin To Net: NetName=5V Pin=U1-7
Added Pin To Net: NetName=5V Pin=U1-28
Added Pin To Net: NetName=5V Pin=U2-8
Added Pin To Net: NetName=5V Pin=U3-8
Added Net: Name=5V
Added Pin To Net: NetName=ANTENA Pin=RF-8
Added Net: Name=ANTENA
Added Pin To Net: NetName=D20_A1 Pin=U1-9
Added Net: Name=D20_A1
Added Pin To Net: NetName=D20_A2 Pin=U1-10
Added Net: Name=D20_A2
Added Pin To Net: NetName=GND Pin=3v-2
Added Pin To Net: NetName=GND Pin=C1-1
Added Pin To Net: NetName=GND Pin=C2-2
Added Pin To Net: NetName=GND Pin=C3-1
Added Pin To Net: NetName=GND Pin=C4-2
Added Pin To Net: NetName=GND Pin=C5-2
Added Pin To Net: NetName=GND Pin=C6-2
Added Pin To Net: NetName=GND Pin=C7-2
Added Pin To Net: NetName=GND Pin=C8-1
Added Pin To Net: NetName=GND Pin=C9-1
Added Pin To Net: NetName=GND Pin=Hall-2
Added Pin To Net: NetName=GND Pin=J5-3
Added Pin To Net: NetName=GND Pin=P1-2
Added Pin To Net: NetName=GND Pin=P2-1
Added Pin To Net: NetName=GND Pin=R3-1
Added Pin To Net: NetName=GND Pin=R5-1
Added Pin To Net: NetName=GND Pin=RF-7
Added Pin To Net: NetName=GND Pin=U1-6
Added Pin To Net: NetName=GND Pin=U1-29
Added Pin To Net: NetName=GND Pin=U2-1
Added Pin To Net: NetName=GND Pin=U2-2
Added Pin To Net: NetName=GND Pin=U2-3
Added Pin To Net: NetName=GND Pin=U2-4
Added Pin To Net: NetName=GND Pin=U2-7
Added Pin To Net: NetName=GND Pin=U3-4
Added Net: Name=GND
Added Pin To Net: NetName=LED0 Pin=U1-38
Added Net: Name=LED0
Added Pin To Net: NetName=LED1 Pin=U1-39
Added Net: Name=LED1
Added Pin To Net: NetName=LED2 Pin=U1-40
Added Net: Name=LED2
Added Pin To Net: NetName=LED3 Pin=U1-41
Added Net: Name=LED3
Added Pin To Net: NetName=LED4 Pin=U1-2
Added Net: Name=LED4
Added Pin To Net: NetName=LED5 Pin=U1-3
Added Net: Name=LED5
Added Pin To Net: NetName=LED6 Pin=U1-4
Added Net: Name=LED6
Added Pin To Net: NetName=LED7 Pin=U1-5
Added Net: Name=LED7
Added Pin To Net: NetName=LED_G0 Pin=U1-19
Added Net: Name=LED_G0
Added Pin To Net: NetName=LED_G1 Pin=U1-25
Added Net: Name=LED_G1
Added Pin To Net: NetName=LED_G2 Pin=U1-26
Added Net: Name=LED_G2
Added Pin To Net: NetName=LED_G3 Pin=U1-27
Added Net: Name=LED_G3
Added Pin To Net: NetName=MCLR Pin=J5-1
Added Pin To Net: NetName=MCLR Pin=U1-18
Added Net: Name=MCLR
Added Pin To Net: NetName=Net3v_1 Pin=3v-1
Added Pin To Net: NetName=Net3v_1 Pin=C7-1
Added Pin To Net: NetName=Net3v_1 Pin=U3-3
Added Net: Name=Net3v_1
Added Pin To Net: NetName=NetC2_1 Pin=C2-1
Added Pin To Net: NetName=NetC2_1 Pin=U1-31
Added Pin To Net: NetName=NetC2_1 Pin=Y1-1
Added Net: Name=NetC2_1
Added Pin To Net: NetName=NetC3_2 Pin=C3-2
Added Pin To Net: NetName=NetC3_2 Pin=R2-1
Added Net: Name=NetC3_2
Added Pin To Net: NetName=NetC4_1 Pin=C4-1
Added Pin To Net: NetName=NetC4_1 Pin=D2-2
Added Pin To Net: NetName=NetC4_1 Pin=P1-1
Added Net: Name=NetC4_1
Added Pin To Net: NetName=NetC6_1 Pin=C6-1
Added Pin To Net: NetName=NetC6_1 Pin=U1-30
Added Pin To Net: NetName=NetC6_1 Pin=Y1-2
Added Net: Name=NetC6_1
Added Pin To Net: NetName=NetD1_1 Pin=D1-1
Added Pin To Net: NetName=NetD1_1 Pin=D2-1
Added Pin To Net: NetName=NetD1_1 Pin=P2-2
Added Net: Name=NetD1_1
Added Pin To Net: NetName=NetD1_2 Pin=D1-2
Added Pin To Net: NetName=NetD1_2 Pin=R1-2
Added Net: Name=NetD1_2
Added Pin To Net: NetName=NetRF_2 Pin=RF-2
Added Pin To Net: NetName=NetRF_2 Pin=U1-22
Added Net: Name=NetRF_2
Added Pin To Net: NetName=NetRF_3 Pin=RF-3
Added Pin To Net: NetName=NetRF_3 Pin=U1-23
Added Net: Name=NetRF_3
Added Pin To Net: NetName=NetRF_4 Pin=RF-4
Added Pin To Net: NetName=NetRF_4 Pin=U1-14
Added Net: Name=NetRF_4
Added Pin To Net: NetName=NetRF_5 Pin=RF-5
Added Pin To Net: NetName=NetRF_5 Pin=U1-15
Added Net: Name=NetRF_5
Added Pin To Net: NetName=NetU3_1 Pin=U3-1
Added Pin To Net: NetName=NetU3_1 Pin=Y2-1
Added Net: Name=NetU3_1
Added Pin To Net: NetName=NetU3_2 Pin=U3-2
Added Pin To Net: NetName=NetU3_2 Pin=Y2-2
Added Net: Name=NetU3_2
Added Pin To Net: NetName=PGC Pin=J5-4
Added Pin To Net: NetName=PGC Pin=U1-16
Added Net: Name=PGC
Added Pin To Net: NetName=PGD Pin=J5-5
Added Pin To Net: NetName=PGD Pin=U1-17
Added Net: Name=PGD
Added Pin To Net: NetName=SCL Pin=R6-1
Added Pin To Net: NetName=SCL Pin=U1-37
Added Pin To Net: NetName=SCL Pin=U2-6
Added Pin To Net: NetName=SCL Pin=U3-6
Added Net: Name=SCL
Added Pin To Net: NetName=SDA Pin=R7-1
Added Pin To Net: NetName=SDA Pin=U1-42
Added Pin To Net: NetName=SDA Pin=U2-5
Added Pin To Net: NetName=SDA Pin=U3-5
Added Net: Name=SDA
Added Pin To Net: NetName=SIGHALL Pin=Hall-3
Added Pin To Net: NetName=SIGHALL Pin=R1-1
Added Pin To Net: NetName=SIGHALL Pin=R3-2
Added Pin To Net: NetName=SIGHALL Pin=R8-1
Added Pin To Net: NetName=SIGHALL Pin=U1-36
Added Net: Name=SIGHALL
Added Pin To Net: NetName=SQW Pin=U1-8
Added Pin To Net: NetName=SQW Pin=U3-7
Added Net: Name=SQW
Added Pin To Net: NetName=VIN+ Pin=R4-1
Added Pin To Net: NetName=VIN+ Pin=R5-2
Added Pin To Net: NetName=VIN+ Pin=U1-21
Added Net: Name=VIN+
Added Class: Name=SCH
Added Room: Name=SCH
