Removed Pin From Net: NetName=5V Pin=C1-2
Removed Pin From Net: NetName=GND Pin=C4-2
Removed Pin From Net: NetName=GND Pin=C6-2
Removed Pin From Net: NetName=GND Pin=C8-1
Removed Pin From Net: NetName=5V Pin=C8-2
Removed Pin From Net: NetName=GND Pin=C9-1
Removed Pin From Net: NetName=5V Pin=C9-2
Removed Pin From Net: NetName=NetC5_2 Pin=R3-1
Removed Pin From Net: NetName=LED_G0 Pin=R9-1
Removed Pin From Net: NetName=NetQ1_2 Pin=R9-2
Removed Pin From Net: NetName=LED_G1 Pin=R10-1
Removed Pin From Net: NetName=NetQ2_2 Pin=R10-2
Removed Pin From Net: NetName=LED_G2 Pin=R11-1
Removed Pin From Net: NetName=NetQ3_2 Pin=R11-2
Removed Pin From Net: NetName=LED_G3 Pin=R12-1
Removed Pin From Net: NetName=NetQ4_2 Pin=R12-2
Change Component DesignItemId : Designator=C3 Old DesignItemId=Cap Pol1 New DesignItemId=Cap Pol3
Change Component DesignItemId : Designator=C1 Old DesignItemId=Cap Semi New DesignItemId=Capacitor1
Change Component DesignItemId : Designator=C4 Old DesignItemId=Cap Semi New DesignItemId=Capacitor1
Change Component DesignItemId : Designator=C5 Old DesignItemId=Cap Semi New DesignItemId=Capacitor1
Change Component DesignItemId : Designator=C6 Old DesignItemId=Cap Semi New DesignItemId=Capacitor1
Change Component DesignItemId : Designator=C7 Old DesignItemId=Cap Semi New DesignItemId=Capacitor1
Change Component DesignItemId : Designator=C8 Old DesignItemId=Cap Semi New DesignItemId=Capacitor1
Change Component DesignItemId : Designator=C9 Old DesignItemId=Cap Semi New DesignItemId=Capacitor1
Change Component DesignItemId : Designator=R1 Old DesignItemId=Res3 New DesignItemId=Res1
Change Component DesignItemId : Designator=R2 Old DesignItemId=Res3 New DesignItemId=Res1
Change Component DesignItemId : Designator=R3 Old DesignItemId=Res3 New DesignItemId=Res1
Change Component DesignItemId : Designator=R4 Old DesignItemId=Res3 New DesignItemId=Res1
Change Component DesignItemId : Designator=R5 Old DesignItemId=Res3 New DesignItemId=Res1
Change Component DesignItemId : Designator=R6 Old DesignItemId=Res3 New DesignItemId=Res1
Change Component DesignItemId : Designator=R7 Old DesignItemId=Res3 New DesignItemId=Res1
Change Component DesignItemId : Designator=R8 Old DesignItemId=Res3 New DesignItemId=Res1
Change Component DesignItemId : Designator=R9 Old DesignItemId=Res3 New DesignItemId=Res1
Change Component DesignItemId : Designator=R10 Old DesignItemId=Res3 New DesignItemId=Res1
Change Component DesignItemId : Designator=R11 Old DesignItemId=Res3 New DesignItemId=Res1
Change Component DesignItemId : Designator=R12 Old DesignItemId=Res3 New DesignItemId=Res1
Change Component Footprint: Designator=R1 Old Footprint=J1-0603 New Footprint=AXIAL-0.3
Change Component Footprint: Designator=R2 Old Footprint=J1-0603 New Footprint=AXIAL-0.3
Change Component Footprint: Designator=R3 Old Footprint=J1-0603 New Footprint=AXIAL-0.3
Change Component Footprint: Designator=R4 Old Footprint=J1-0603 New Footprint=AXIAL-0.3
Change Component Footprint: Designator=R5 Old Footprint=J1-0603 New Footprint=AXIAL-0.3
Change Component Footprint: Designator=R6 Old Footprint=J1-0603 New Footprint=AXIAL-0.3
Change Component Footprint: Designator=R7 Old Footprint=J1-0603 New Footprint=AXIAL-0.3
Change Component Footprint: Designator=R8 Old Footprint=J1-0603 New Footprint=AXIAL-0.3
Change Component Footprint: Designator=R9 Old Footprint=J1-0603 New Footprint=AXIAL-0.3
Change Component Footprint: Designator=R10 Old Footprint=J1-0603 New Footprint=AXIAL-0.3
Change Component Footprint: Designator=R11 Old Footprint=J1-0603 New Footprint=AXIAL-0.3
Change Component Footprint: Designator=R12 Old Footprint=J1-0603 New Footprint=AXIAL-0.3
Change Component Footprint: Designator=C3 Old Footprint=RB7.6-15 New Footprint=CAP POL 2
Change Component Comment : Designator=C3 Old Comment=Cap Pol1 New Comment=Cap Pol3
Change Component Comment : Designator=C4 Old Comment=Cap Semi New Comment=33pF
Change Component Comment : Designator=C5 Old Comment=Cap Semi New Comment=33pF
Change Component Comment : Designator=C1 Old Comment=Cap Semi New Comment=100nF
Change Component Comment : Designator=C6 Old Comment=Cap Semi New Comment=100nF
Change Component Comment : Designator=C7 Old Comment=Cap Semi New Comment=100nF
Change Component Comment : Designator=C8 Old Comment=Cap Semi New Comment=104
Change Component Comment : Designator=C9 Old Comment=Cap Semi New Comment=104
Change Component Comment : Designator=R1 Old Comment=Res3 New Comment=Res1
Change Component Comment : Designator=R2 Old Comment=Res3 New Comment=Res1
Change Component Comment : Designator=R3 Old Comment=Res3 New Comment=Res1
Change Component Comment : Designator=R4 Old Comment=Res3 New Comment=Res1
Change Component Comment : Designator=R5 Old Comment=Res3 New Comment=Res1
Change Component Comment : Designator=R6 Old Comment=Res3 New Comment=Res1
Change Component Comment : Designator=R7 Old Comment=Res3 New Comment=Res1
Change Component Comment : Designator=R8 Old Comment=Res3 New Comment=Res1
Change Component Comment : Designator=R9 Old Comment=Res3 New Comment=Res1
Change Component Comment : Designator=R10 Old Comment=Res3 New Comment=Res1
Change Component Comment : Designator=R11 Old Comment=Res3 New Comment=Res1
Change Component Comment : Designator=R12 Old Comment=Res3 New Comment=Res1
Change Component Designator: OldDesignator=Bat NewDesignator=Bat1
Change Component Designator: OldDesignator=Hall NewDesignator=Hall1
Change Component Designator: OldDesignator=RF NewDesignator=RF1
Change Component Description : Designator=C1 Old Description=Capacitor (Semiconductor SIM Model) New Description=Capacitor1
Change Component Description : Designator=C4 Old Description=Capacitor (Semiconductor SIM Model) New Description=Capacitor1
Change Component Description : Designator=C5 Old Description=Capacitor (Semiconductor SIM Model) New Description=Capacitor1
Change Component Description : Designator=C6 Old Description=Capacitor (Semiconductor SIM Model) New Description=Capacitor1
Change Component Description : Designator=C7 Old Description=Capacitor (Semiconductor SIM Model) New Description=Capacitor1
Change Component Description : Designator=C8 Old Description=Capacitor (Semiconductor SIM Model) New Description=Capacitor1
Change Component Description : Designator=C9 Old Description=Capacitor (Semiconductor SIM Model) New Description=Capacitor1
Change Component Library : Designator=C1 Old Library=Miscellaneous Devices.IntLib New Library=FUFO.SchLib
Change Component Library : Designator=C4 Old Library=Miscellaneous Devices.IntLib New Library=FUFO.SchLib
Change Component Library : Designator=C5 Old Library=Miscellaneous Devices.IntLib New Library=FUFO.SchLib
Change Component Library : Designator=C6 Old Library=Miscellaneous Devices.IntLib New Library=FUFO.SchLib
Change Component Library : Designator=C7 Old Library=Miscellaneous Devices.IntLib New Library=FUFO.SchLib
Change Component Library : Designator=C8 Old Library=Miscellaneous Devices.IntLib New Library=FUFO.SchLib
Change Component Library : Designator=C9 Old Library=Miscellaneous Devices.IntLib New Library=FUFO.SchLib
Added Component: Designator=J2(DSUB1.385-2H9)
Added Pin To Net: NetName=5V Pin=C1-1
Added Pin To Net: NetName=GND Pin=C1-2
Added Pin To Net: NetName=GND Pin=C4-1
Added Pin To Net: NetName=GND Pin=C6-1
Added Pin To Net: NetName=5V Pin=C8-1
Added Pin To Net: NetName=GND Pin=C8-2
Added Pin To Net: NetName=5V Pin=C9-1
Added Pin To Net: NetName=GND Pin=C9-2
Added Pin To Net: NetName=GND Pin=J2-5
Added Pin To Net: NetName=NetQ1_2 Pin=R9-1
Added Pin To Net: NetName=LED_G0 Pin=R9-2
Added Pin To Net: NetName=NetQ2_2 Pin=R10-1
Added Pin To Net: NetName=LED_G1 Pin=R10-2
Added Pin To Net: NetName=NetQ3_2 Pin=R11-1
Added Pin To Net: NetName=LED_G2 Pin=R11-2
Added Pin To Net: NetName=NetQ4_2 Pin=R12-1
Added Pin To Net: NetName=LED_G3 Pin=R12-2
Added Pin To Net: NetName=NetC5_2 Pin=U1-30
Added Pin To Net: NetName=NetC5_2 Pin=Y1-2
Change Net Name : Old Net Name=NetBat_1 New Net Name=NetBat1_1
Change Net Name : Old Net Name=NetRF_2 New Net Name=NetRF1_2
Change Net Name : Old Net Name=NetRF_3 New Net Name=NetRF1_3
Change Net Name : Old Net Name=NetRF_4 New Net Name=NetRF1_4
Change Net Name : Old Net Name=NetRF_5 New Net Name=NetRF1_5
Added Pin To Net: NetName=NetC4_2 Pin=C4-2
Added Pin To Net: NetName=NetC4_2 Pin=U1-31
Added Pin To Net: NetName=NetC4_2 Pin=Y1-1
Added Net: Name=NetC4_2
Added Pin To Net: NetName=NetC6_2 Pin=C6-2
Added Pin To Net: NetName=NetC6_2 Pin=R3-1
Added Net: Name=NetC6_2
Added Pin To Net: NetName=RX Pin=J2-2
Added Pin To Net: NetName=RX Pin=U1-44
Added Net: Name=RX
Added Pin To Net: NetName=TX Pin=J2-3
Added Pin To Net: NetName=TX Pin=U1-1
Added Net: Name=TX
Added Member To Class: ClassName=SCH Member=Component J2 D Connector 9
