Added Component: Designator=Bat1(BAT-2)
Added Component: Designator=C2(CAP POL 2)
Added Component: Designator=C3(CAP POL 2)
Added Component: Designator=D1(DO-35)
Added Component: Designator=D2(DO-35)
Added Component: Designator=D3(3.5X2.8X1.9)
Added Component: Designator=D4(3.5X2.8X1.9)
Added Component: Designator=D5(3.5X2.8X1.9)
Added Component: Designator=D6(3.5X2.8X1.9)
Added Component: Designator=D7(3.5X2.8X1.9)
Added Component: Designator=D8(3.5X2.8X1.9)
Added Component: Designator=D9(3.5X2.8X1.9)
Added Component: Designator=D10(3.5X2.8X1.9)
Added Component: Designator=D11(3.5X2.8X1.9)
Added Component: Designator=D12(3.5X2.8X1.9)
Added Component: Designator=D13(3.5X2.8X1.9)
Added Component: Designator=D14(3.5X2.8X1.9)
Added Component: Designator=D15(3.5X2.8X1.9)
Added Component: Designator=D16(3.5X2.8X1.9)
Added Component: Designator=D17(3.5X2.8X1.9)
Added Component: Designator=D18(3.5X2.8X1.9)
Added Component: Designator=D19(3.5X2.8X1.9)
Added Component: Designator=D20(3.5X2.8X1.9)
Added Component: Designator=D21(3.5X2.8X1.9)
Added Component: Designator=D22(3.5X2.8X1.9)
Added Component: Designator=D23(3.5X2.8X1.9)
Added Component: Designator=D24(3.5X2.8X1.9)
Added Component: Designator=D25(3.5X2.8X1.9)
Added Component: Designator=D26(3.5X2.8X1.9)
Added Component: Designator=D27(3.5X2.8X1.9)
Added Component: Designator=D28(3.5X2.8X1.9)
Added Component: Designator=D29(3.5X2.8X1.9)
Added Component: Designator=D30(3.5X2.8X1.9)
Added Component: Designator=D31(3.5X2.8X1.9)
Added Component: Designator=D32(3.5X2.8X1.9)
Added Component: Designator=D33(3.5X2.8X1.9)
Added Component: Designator=D34(3.5X2.8X1.9)
Added Component: Designator=Hall1(HDR1X3)
Added Component: Designator=J1(HDR1X5H)
Added Component: Designator=J2(DSUB1.385-2H9)
Added Component: Designator=P1(HDR1X3)
Added Component: Designator=P2(HDR1X2H)
Added Component: Designator=Q1(SOT-23B_N)
Added Component: Designator=Q2(SOT-23B_N)
Added Component: Designator=Q3(SOT-23B_N)
Added Component: Designator=Q4(SOT-23B_N)
Added Component: Designator=R1(AXIAL-0.3)
Added Component: Designator=R2(AXIAL-0.3)
Added Component: Designator=R3(AXIAL-0.3)
Added Component: Designator=R4(AXIAL-0.3)
Added Component: Designator=R5(AXIAL-0.3)
Added Component: Designator=R6(AXIAL-0.3)
Added Component: Designator=R7(AXIAL-0.3)
Added Component: Designator=R8(AXIAL-0.3)
Added Component: Designator=R9(AXIAL-0.3)
Added Component: Designator=R10(AXIAL-0.3)
Added Component: Designator=R11(AXIAL-0.3)
Added Component: Designator=R12(AXIAL-0.3)
Added Component: Designator=RF1(HDR1X8)
Added Component: Designator=U1(TQFP-PT44_N)
Added Component: Designator=U2(8S1_N)
Added Component: Designator=U3(SOIC8N_N)
Added Component: Designator=Y1(CFPX-93)
Added Component: Designator=Y2(CFPX-93)
Added Pin To Net: NetName=5V Pin=C3-1
Added Pin To Net: NetName=5V Pin=Hall1-1
Added Pin To Net: NetName=5V Pin=J1-2
Added Pin To Net: NetName=5V Pin=P1-3
Added Pin To Net: NetName=5V Pin=R3-2
Added Pin To Net: NetName=5V Pin=R4-2
Added Pin To Net: NetName=5V Pin=R5-2
Added Pin To Net: NetName=5V Pin=R6-2
Added Pin To Net: NetName=5V Pin=R8-2
Added Pin To Net: NetName=5V Pin=RF1-6
Added Pin To Net: NetName=5V Pin=U1-7
Added Pin To Net: NetName=5V Pin=U1-28
Added Pin To Net: NetName=5V Pin=U2-8
Added Pin To Net: NetName=5V Pin=U3-8
Added Net: Name=5V
Added Pin To Net: NetName=ANTENA Pin=RF1-8
Added Net: Name=ANTENA
Added Pin To Net: NetName=GND Pin=Bat1-2
Added Pin To Net: NetName=GND Pin=C2-2
Added Pin To Net: NetName=GND Pin=C3-2
Added Pin To Net: NetName=GND Pin=Hall1-2
Added Pin To Net: NetName=GND Pin=J1-3
Added Pin To Net: NetName=GND Pin=J2-5
Added Pin To Net: NetName=GND Pin=P1-2
Added Pin To Net: NetName=GND Pin=P2-1
Added Pin To Net: NetName=GND Pin=Q1-3
Added Pin To Net: NetName=GND Pin=Q2-3
Added Pin To Net: NetName=GND Pin=Q3-3
Added Pin To Net: NetName=GND Pin=Q4-3
Added Pin To Net: NetName=GND Pin=R2-1
Added Pin To Net: NetName=GND Pin=R7-1
Added Pin To Net: NetName=GND Pin=RF1-7
Added Pin To Net: NetName=GND Pin=U1-6
Added Pin To Net: NetName=GND Pin=U1-29
Added Pin To Net: NetName=GND Pin=U2-1
Added Pin To Net: NetName=GND Pin=U2-2
Added Pin To Net: NetName=GND Pin=U2-3
Added Pin To Net: NetName=GND Pin=U2-4
Added Pin To Net: NetName=GND Pin=U2-7
Added Pin To Net: NetName=GND Pin=U3-4
Added Net: Name=GND
Added Pin To Net: NetName=LED0 Pin=D10-1
Added Pin To Net: NetName=LED0 Pin=D18-1
Added Pin To Net: NetName=LED0 Pin=D26-1
Added Pin To Net: NetName=LED0 Pin=D34-1
Added Pin To Net: NetName=LED0 Pin=U1-38
Added Net: Name=LED0
Added Pin To Net: NetName=LED1 Pin=D9-1
Added Pin To Net: NetName=LED1 Pin=D17-1
Added Pin To Net: NetName=LED1 Pin=D25-1
Added Pin To Net: NetName=LED1 Pin=D33-1
Added Pin To Net: NetName=LED1 Pin=U1-39
Added Net: Name=LED1
Added Pin To Net: NetName=LED2 Pin=D8-1
Added Pin To Net: NetName=LED2 Pin=D16-1
Added Pin To Net: NetName=LED2 Pin=D24-1
Added Pin To Net: NetName=LED2 Pin=D32-1
Added Pin To Net: NetName=LED2 Pin=U1-40
Added Net: Name=LED2
Added Pin To Net: NetName=LED3 Pin=D7-1
Added Pin To Net: NetName=LED3 Pin=D15-1
Added Pin To Net: NetName=LED3 Pin=D23-1
Added Pin To Net: NetName=LED3 Pin=D31-1
Added Pin To Net: NetName=LED3 Pin=U1-41
Added Net: Name=LED3
Added Pin To Net: NetName=LED4 Pin=D6-1
Added Pin To Net: NetName=LED4 Pin=D14-1
Added Pin To Net: NetName=LED4 Pin=D22-1
Added Pin To Net: NetName=LED4 Pin=D30-1
Added Pin To Net: NetName=LED4 Pin=U1-2
Added Net: Name=LED4
Added Pin To Net: NetName=LED5 Pin=D5-1
Added Pin To Net: NetName=LED5 Pin=D13-1
Added Pin To Net: NetName=LED5 Pin=D21-1
Added Pin To Net: NetName=LED5 Pin=D29-1
Added Pin To Net: NetName=LED5 Pin=U1-3
Added Net: Name=LED5
Added Pin To Net: NetName=LED6 Pin=D4-1
Added Pin To Net: NetName=LED6 Pin=D12-1
Added Pin To Net: NetName=LED6 Pin=D20-1
Added Pin To Net: NetName=LED6 Pin=D28-1
Added Pin To Net: NetName=LED6 Pin=U1-4
Added Net: Name=LED6
Added Pin To Net: NetName=LED7 Pin=D3-1
Added Pin To Net: NetName=LED7 Pin=D11-1
Added Pin To Net: NetName=LED7 Pin=D19-1
Added Pin To Net: NetName=LED7 Pin=D27-1
Added Pin To Net: NetName=LED7 Pin=U1-5
Added Net: Name=LED7
Added Pin To Net: NetName=LED_G0 Pin=R9-2
Added Pin To Net: NetName=LED_G0 Pin=U1-19
Added Net: Name=LED_G0
Added Pin To Net: NetName=LED_G1 Pin=R10-2
Added Pin To Net: NetName=LED_G1 Pin=U1-25
Added Net: Name=LED_G1
Added Pin To Net: NetName=LED_G2 Pin=R11-2
Added Pin To Net: NetName=LED_G2 Pin=U1-26
Added Net: Name=LED_G2
Added Pin To Net: NetName=LED_G3 Pin=R12-2
Added Pin To Net: NetName=LED_G3 Pin=U1-27
Added Net: Name=LED_G3
Added Pin To Net: NetName=MCLR Pin=J1-1
Added Pin To Net: NetName=MCLR Pin=U1-18
Added Net: Name=MCLR
Added Pin To Net: NetName=NetBat1_1 Pin=Bat1-1
Added Pin To Net: NetName=NetBat1_1 Pin=U3-3
Added Net: Name=NetBat1_1
Added Pin To Net: NetName=NetC2_1 Pin=C2-1
Added Pin To Net: NetName=NetC2_1 Pin=D2-2
Added Pin To Net: NetName=NetC2_1 Pin=P1-1
Added Net: Name=NetC2_1
Added Pin To Net: NetName=NetC4_2 Pin=U1-31
Added Pin To Net: NetName=NetC4_2 Pin=Y1-1
Added Net: Name=NetC4_2
Added Pin To Net: NetName=NetC5_2 Pin=U1-30
Added Pin To Net: NetName=NetC5_2 Pin=Y1-2
Added Net: Name=NetC5_2
Added Pin To Net: NetName=NetC6_2 Pin=R3-1
Added Net: Name=NetC6_2
Added Pin To Net: NetName=NetD1_1 Pin=D1-1
Added Pin To Net: NetName=NetD1_1 Pin=D2-1
Added Pin To Net: NetName=NetD1_1 Pin=P2-2
Added Net: Name=NetD1_1
Added Pin To Net: NetName=NetD1_2 Pin=D1-2
Added Pin To Net: NetName=NetD1_2 Pin=R1-2
Added Net: Name=NetD1_2
Added Pin To Net: NetName=NetD3_2 Pin=D3-2
Added Pin To Net: NetName=NetD3_2 Pin=D4-2
Added Pin To Net: NetName=NetD3_2 Pin=D5-2
Added Pin To Net: NetName=NetD3_2 Pin=D6-2
Added Pin To Net: NetName=NetD3_2 Pin=D7-2
Added Pin To Net: NetName=NetD3_2 Pin=D8-2
Added Pin To Net: NetName=NetD3_2 Pin=D9-2
Added Pin To Net: NetName=NetD3_2 Pin=D10-2
Added Pin To Net: NetName=NetD3_2 Pin=Q1-1
Added Net: Name=NetD3_2
Added Pin To Net: NetName=NetD11_2 Pin=D11-2
Added Pin To Net: NetName=NetD11_2 Pin=D12-2
Added Pin To Net: NetName=NetD11_2 Pin=D13-2
Added Pin To Net: NetName=NetD11_2 Pin=D14-2
Added Pin To Net: NetName=NetD11_2 Pin=D15-2
Added Pin To Net: NetName=NetD11_2 Pin=D16-2
Added Pin To Net: NetName=NetD11_2 Pin=D17-2
Added Pin To Net: NetName=NetD11_2 Pin=D18-2
Added Pin To Net: NetName=NetD11_2 Pin=Q2-1
Added Net: Name=NetD11_2
Added Pin To Net: NetName=NetD19_2 Pin=D19-2
Added Pin To Net: NetName=NetD19_2 Pin=D20-2
Added Pin To Net: NetName=NetD19_2 Pin=D21-2
Added Pin To Net: NetName=NetD19_2 Pin=D22-2
Added Pin To Net: NetName=NetD19_2 Pin=D23-2
Added Pin To Net: NetName=NetD19_2 Pin=D24-2
Added Pin To Net: NetName=NetD19_2 Pin=D25-2
Added Pin To Net: NetName=NetD19_2 Pin=D26-2
Added Pin To Net: NetName=NetD19_2 Pin=Q3-1
Added Net: Name=NetD19_2
Added Pin To Net: NetName=NetD27_2 Pin=D27-2
Added Pin To Net: NetName=NetD27_2 Pin=D28-2
Added Pin To Net: NetName=NetD27_2 Pin=D29-2
Added Pin To Net: NetName=NetD27_2 Pin=D30-2
Added Pin To Net: NetName=NetD27_2 Pin=D31-2
Added Pin To Net: NetName=NetD27_2 Pin=D32-2
Added Pin To Net: NetName=NetD27_2 Pin=D33-2
Added Pin To Net: NetName=NetD27_2 Pin=D34-2
Added Pin To Net: NetName=NetD27_2 Pin=Q4-1
Added Net: Name=NetD27_2
Added Pin To Net: NetName=NetQ1_2 Pin=Q1-2
Added Pin To Net: NetName=NetQ1_2 Pin=R9-1
Added Net: Name=NetQ1_2
Added Pin To Net: NetName=NetQ2_2 Pin=Q2-2
Added Pin To Net: NetName=NetQ2_2 Pin=R10-1
Added Net: Name=NetQ2_2
Added Pin To Net: NetName=NetQ3_2 Pin=Q3-2
Added Pin To Net: NetName=NetQ3_2 Pin=R11-1
Added Net: Name=NetQ3_2
Added Pin To Net: NetName=NetQ4_2 Pin=Q4-2
Added Pin To Net: NetName=NetQ4_2 Pin=R12-1
Added Net: Name=NetQ4_2
Added Pin To Net: NetName=NetRF1_2 Pin=RF1-2
Added Pin To Net: NetName=NetRF1_2 Pin=U1-22
Added Net: Name=NetRF1_2
Added Pin To Net: NetName=NetRF1_3 Pin=RF1-3
Added Pin To Net: NetName=NetRF1_3 Pin=U1-23
Added Net: Name=NetRF1_3
Added Pin To Net: NetName=NetRF1_4 Pin=RF1-4
Added Pin To Net: NetName=NetRF1_4 Pin=U1-14
Added Net: Name=NetRF1_4
Added Pin To Net: NetName=NetRF1_5 Pin=RF1-5
Added Pin To Net: NetName=NetRF1_5 Pin=U1-15
Added Net: Name=NetRF1_5
Added Pin To Net: NetName=NetU3_1 Pin=U3-1
Added Pin To Net: NetName=NetU3_1 Pin=Y2-1
Added Net: Name=NetU3_1
Added Pin To Net: NetName=NetU3_2 Pin=U3-2
Added Pin To Net: NetName=NetU3_2 Pin=Y2-2
Added Net: Name=NetU3_2
Added Pin To Net: NetName=PGC Pin=J1-4
Added Pin To Net: NetName=PGC Pin=U1-16
Added Net: Name=PGC
Added Pin To Net: NetName=PGD Pin=J1-5
Added Pin To Net: NetName=PGD Pin=U1-17
Added Net: Name=PGD
Added Pin To Net: NetName=RX Pin=J2-2
Added Pin To Net: NetName=RX Pin=U1-44
Added Net: Name=RX
Added Pin To Net: NetName=SCL Pin=R4-1
Added Pin To Net: NetName=SCL Pin=U1-37
Added Pin To Net: NetName=SCL Pin=U2-6
Added Pin To Net: NetName=SCL Pin=U3-6
Added Net: Name=SCL
Added Pin To Net: NetName=SDA Pin=R5-1
Added Pin To Net: NetName=SDA Pin=U1-42
Added Pin To Net: NetName=SDA Pin=U2-5
Added Pin To Net: NetName=SDA Pin=U3-5
Added Net: Name=SDA
Added Pin To Net: NetName=SIGHALL Pin=Hall1-3
Added Pin To Net: NetName=SIGHALL Pin=R1-1
Added Pin To Net: NetName=SIGHALL Pin=R2-2
Added Pin To Net: NetName=SIGHALL Pin=R8-1
Added Pin To Net: NetName=SIGHALL Pin=U1-36
Added Net: Name=SIGHALL
Added Pin To Net: NetName=SQW Pin=U1-8
Added Pin To Net: NetName=SQW Pin=U3-7
Added Net: Name=SQW
Added Pin To Net: NetName=TX Pin=J2-3
Added Pin To Net: NetName=TX Pin=U1-1
Added Net: Name=TX
Added Pin To Net: NetName=VIN+ Pin=R6-1
Added Pin To Net: NetName=VIN+ Pin=R7-2
Added Pin To Net: NetName=VIN+ Pin=U1-21
Added Net: Name=VIN+
Added Class: Name=SCH
Added Room: Name=SCH
