Added Component: Designator=Bat1(BATTERY)
Added Component: Designator=C1(CAP POL 2)
Added Component: Designator=C2(CAP POL 2)
Added Component: Designator=C3(SM/C_0805)
Added Component: Designator=C4(SM/C_0805)
Added Component: Designator=C5(SM/C_0805)
Added Component: Designator=D1(DO-35)
Added Component: Designator=Hall1(HDR1X3)
Added Component: Designator=J1(HDR1X5H)
Added Component: Designator=P1(HDR1X2H)
Added Component: Designator=P2(HDR1X3)
Added Component: Designator=P3(HDR1X3H)
Added Component: Designator=Q1(SOT-23B_N)
Added Component: Designator=Q2(SOT-23B_N)
Added Component: Designator=Q3(SOT-23B_N)
Added Component: Designator=Q4(SOT-23B_N)
Added Component: Designator=R1(SM/C_0805)
Added Component: Designator=R2(SM/C_0805)
Added Component: Designator=R3(SM/C_0805)
Added Component: Designator=R4(SM/C_0805)
Added Component: Designator=R5(SM/C_0805)
Added Component: Designator=R6(SM/C_0805)
Added Component: Designator=R7(SM/C_0805)
Added Component: Designator=R8(SM/C_0805)
Added Component: Designator=R9(SM/C_0805)
Added Component: Designator=R10(SM/C_0805)
Added Component: Designator=R11(SM/C_0805)
Added Component: Designator=RF1(HDR1X7)
Added Component: Designator=U1(8S1_N)
Added Component: Designator=U2(SOIC8N_N)
Added Component: Designator=U3(TQFP-PT44_N)
Added Component: Designator=Y1(CFPX-93)
Added Component: Designator=Y2(CRYSTAL)
Added Pin To Net: NetName=GND Pin=Bat1-1
Added Pin To Net: NetName=NetC1_1 Pin=C1-1
Added Pin To Net: NetName=GND Pin=C1-2
Added Pin To Net: NetName=5V Pin=C2-1
Added Pin To Net: NetName=GND Pin=C2-2
Added Pin To Net: NetName=GND Pin=C3-1
Added Pin To Net: NetName=GND Pin=C4-1
Added Pin To Net: NetName=GND Pin=C5-1
Added Pin To Net: NetName=NetC5_2 Pin=C5-2
Added Pin To Net: NetName=NetC1_1 Pin=D1-2
Added Pin To Net: NetName=5V Pin=Hall1-1
Added Pin To Net: NetName=GND Pin=Hall1-2
Added Pin To Net: NetName=SIGHALL Pin=Hall1-3
Added Pin To Net: NetName=MCLR Pin=J1-1
Added Pin To Net: NetName=5V Pin=J1-2
Added Pin To Net: NetName=GND Pin=J1-3
Added Pin To Net: NetName=PGC Pin=J1-4
Added Pin To Net: NetName=PGD Pin=J1-5
Added Pin To Net: NetName=GND Pin=P1-1
Added Pin To Net: NetName=NetC1_1 Pin=P2-1
Added Pin To Net: NetName=GND Pin=P2-2
Added Pin To Net: NetName=5V Pin=P2-3
Added Pin To Net: NetName=TX Pin=P3-1
Added Pin To Net: NetName=RX Pin=P3-2
Added Pin To Net: NetName=GND Pin=P3-3
Added Pin To Net: NetName=NetLED1_3 Pin=Q1-1
Added Pin To Net: NetName=NetQ1_2 Pin=Q1-2
Added Pin To Net: NetName=GND Pin=Q1-3
Added Pin To Net: NetName=NetLED5_3 Pin=Q2-1
Added Pin To Net: NetName=NetQ2_2 Pin=Q2-2
Added Pin To Net: NetName=GND Pin=Q2-3
Added Pin To Net: NetName=NetLED9_3 Pin=Q3-1
Added Pin To Net: NetName=NetQ3_2 Pin=Q3-2
Added Pin To Net: NetName=GND Pin=Q3-3
Added Pin To Net: NetName=NetLED13_3 Pin=Q4-1
Added Pin To Net: NetName=NetQ4_2 Pin=Q4-2
Added Pin To Net: NetName=GND Pin=Q4-3
Added Pin To Net: NetName=NetQ1_2 Pin=R1-1
Added Pin To Net: NetName=LED_G0 Pin=R1-2
Added Pin To Net: NetName=SCL Pin=R2-1
Added Pin To Net: NetName=5V Pin=R2-2
Added Pin To Net: NetName=SDA Pin=R3-1
Added Pin To Net: NetName=5V Pin=R3-2
Added Pin To Net: NetName=NetQ2_2 Pin=R4-1
Added Pin To Net: NetName=LED_G1 Pin=R4-2
Added Pin To Net: NetName=5V Pin=R5-1
Added Pin To Net: NetName=SQW Pin=R5-2
Added Pin To Net: NetName=5V Pin=R6-2
Added Pin To Net: NetName=VIN+ Pin=R7-1
Added Pin To Net: NetName=5V Pin=R7-2
Added Pin To Net: NetName=GND Pin=R8-1
Added Pin To Net: NetName=VIN+ Pin=R8-2
Added Pin To Net: NetName=NetQ3_2 Pin=R9-1
Added Pin To Net: NetName=LED_G2 Pin=R9-2
Added Pin To Net: NetName=NetQ4_2 Pin=R10-1
Added Pin To Net: NetName=LED_G3 Pin=R10-2
Added Pin To Net: NetName=SIGHALL Pin=R11-1
Added Pin To Net: NetName=5V Pin=R11-2
Added Pin To Net: NetName=NetRF1_1 Pin=RF1-1
Added Pin To Net: NetName=NetRF1_2 Pin=RF1-2
Added Pin To Net: NetName=NetRF1_3 Pin=RF1-3
Added Pin To Net: NetName=NetRF1_4 Pin=RF1-4
Added Pin To Net: NetName=GND Pin=RF1-5
Added Pin To Net: NetName=5V Pin=RF1-7
Added Pin To Net: NetName=GND Pin=U1-1
Added Pin To Net: NetName=GND Pin=U1-2
Added Pin To Net: NetName=GND Pin=U1-3
Added Pin To Net: NetName=GND Pin=U1-4
Added Pin To Net: NetName=SDA Pin=U1-5
Added Pin To Net: NetName=SCL Pin=U1-6
Added Pin To Net: NetName=GND Pin=U1-7
Added Pin To Net: NetName=5V Pin=U1-8
Added Pin To Net: NetName=NetU2_1 Pin=U2-1
Added Pin To Net: NetName=NetU2_2 Pin=U2-2
Added Pin To Net: NetName=GND Pin=U2-4
Added Pin To Net: NetName=SDA Pin=U2-5
Added Pin To Net: NetName=SCL Pin=U2-6
Added Pin To Net: NetName=SQW Pin=U2-7
Added Pin To Net: NetName=5V Pin=U2-8
Added Pin To Net: NetName=RX Pin=U3-1
Added Pin To Net: NetName=LED4 Pin=U3-2
Added Pin To Net: NetName=LED5 Pin=U3-3
Added Pin To Net: NetName=LED6 Pin=U3-4
Added Pin To Net: NetName=LED7 Pin=U3-5
Added Pin To Net: NetName=GND Pin=U3-6
Added Pin To Net: NetName=5V Pin=U3-7
Added Pin To Net: NetName=SQW Pin=U3-8
Added Pin To Net: NetName=NetRF1_1 Pin=U3-10
Added Pin To Net: NetName=NetRF1_2 Pin=U3-11
Added Pin To Net: NetName=NetRF1_3 Pin=U3-14
Added Pin To Net: NetName=NetRF1_4 Pin=U3-15
Added Pin To Net: NetName=PGD Pin=U3-16
Added Pin To Net: NetName=PGC Pin=U3-17
Added Pin To Net: NetName=MCLR Pin=U3-18
Added Pin To Net: NetName=LED_G0 Pin=U3-19
Added Pin To Net: NetName=VIN+ Pin=U3-21
Added Pin To Net: NetName=LED_G1 Pin=U3-25
Added Pin To Net: NetName=LED_G2 Pin=U3-26
Added Pin To Net: NetName=LED_G3 Pin=U3-27
Added Pin To Net: NetName=5V Pin=U3-28
Added Pin To Net: NetName=GND Pin=U3-29
Added Pin To Net: NetName=NetC5_2 Pin=U3-30
Added Pin To Net: NetName=SIGHALL Pin=U3-36
Added Pin To Net: NetName=SCL Pin=U3-37
Added Pin To Net: NetName=LED0 Pin=U3-38
Added Pin To Net: NetName=LED1 Pin=U3-39
Added Pin To Net: NetName=LED2 Pin=U3-40
Added Pin To Net: NetName=LED3 Pin=U3-41
Added Pin To Net: NetName=SDA Pin=U3-42
Added Pin To Net: NetName=TX Pin=U3-44
Added Pin To Net: NetName=NetU2_1 Pin=Y1-1
Added Pin To Net: NetName=NetU2_2 Pin=Y1-2
Added Pin To Net: NetName=NetC5_2 Pin=Y2-2
Added Pin To Net: NetName=NetBat1_2 Pin=U2-3
Added Net: Name=NetBat1_2
Added Pin To Net: NetName=NetC3_2 Pin=C3-2
Added Pin To Net: NetName=NetC3_2 Pin=R6-1
Added Net: Name=NetC3_2
Added Pin To Net: NetName=NetC4_2 Pin=C4-2
Added Pin To Net: NetName=NetC4_2 Pin=U3-31
Added Pin To Net: NetName=NetC4_2 Pin=Y2-1
Added Net: Name=NetC4_2
Added Pin To Net: NetName=NetD1_1 Pin=D1-1
Added Pin To Net: NetName=NetD1_1 Pin=P1-2
Added Net: Name=NetD1_1
Added Member To Class: ClassName=SCH Member=Component Bat1 Battery
Added Member To Class: ClassName=SCH Member=Component C1 Cap Pol3
Added Member To Class: ClassName=SCH Member=Component C2 Cap Pol3
Added Member To Class: ClassName=SCH Member=Component C3 Cap Semi
Added Member To Class: ClassName=SCH Member=Component C4 Cap Semi
Added Member To Class: ClassName=SCH Member=Component C5 Cap Semi
Added Member To Class: ClassName=SCH Member=Component D1 Diode 1N4148
Added Member To Class: ClassName=SCH Member=Component Hall1 Header 3
Added Member To Class: ClassName=SCH Member=Component J1 Programming
Added Member To Class: ClassName=SCH Member=Component P1 DC 12V
Added Member To Class: ClassName=SCH Member=Component P2 7805
Added Member To Class: ClassName=SCH Member=Component P3 Header 3H
Added Member To Class: ClassName=SCH Member=Component Q1 QNPN
Added Member To Class: ClassName=SCH Member=Component Q2 QNPN
Added Member To Class: ClassName=SCH Member=Component Q3 QNPN
Added Member To Class: ClassName=SCH Member=Component Q4 QNPN
Added Member To Class: ClassName=SCH Member=Component R1 Res Semi
Added Member To Class: ClassName=SCH Member=Component R2 Res Semi
Added Member To Class: ClassName=SCH Member=Component R3 Res Semi
Added Member To Class: ClassName=SCH Member=Component R4 Res Semi
Added Member To Class: ClassName=SCH Member=Component R5 Res Semi
Added Member To Class: ClassName=SCH Member=Component R6 Res Semi
Added Member To Class: ClassName=SCH Member=Component R7 Res Semi
Added Member To Class: ClassName=SCH Member=Component R8 Res Semi
Added Member To Class: ClassName=SCH Member=Component R9 Res Semi
Added Member To Class: ClassName=SCH Member=Component R10 Res Semi
Added Member To Class: ClassName=SCH Member=Component R11 Res Semi
Added Member To Class: ClassName=SCH Member=Component RF1 RF Module
Added Member To Class: ClassName=SCH Member=Component U1 AT24C01BN-SP25-T
Added Member To Class: ClassName=SCH Member=Component U2 DS1307Z
Added Member To Class: ClassName=SCH Member=Component U3 PIC16F887-E/PT
Added Member To Class: ClassName=SCH Member=Component Y1 32,768KHz
Added Member To Class: ClassName=SCH Member=Component Y2 20MHz
Added Room: Name=SCH
