Change Component Designator: Old Designator=Bat New Designator=Bat1
Change Component Designator: Old Designator=C1 New Designator=C3
Change Component Designator: Old Designator=C70 New Designator=C1
Change Component Designator: Old Designator=C70 New Designator=C4
Change Component Designator: Old Designator=C70 New Designator=C5
Change Component Designator: Old Designator=C70 New Designator=C6
Change Component Designator: Old Designator=C70 New Designator=C7
Change Component Designator: Old Designator=C70 New Designator=C8
Change Component Designator: Old Designator=C70 New Designator=C9
Change Component Designator: Old Designator=Hall New Designator=Hall1
Change Component Designator: Old Designator=R1 New Designator=R3
Change Component Designator: Old Designator=R1 New Designator=R4
Change Component Designator: Old Designator=R1 New Designator=R5
Change Component Designator: Old Designator=R1 New Designator=R6
Change Component Designator: Old Designator=R1 New Designator=R7
Change Component Designator: Old Designator=R1 New Designator=R8
Change Component Designator: Old Designator=R1 New Designator=R9
Change Component Designator: Old Designator=R1 New Designator=R10
Change Component Designator: Old Designator=R1 New Designator=R11
Change Component Designator: Old Designator=R1 New Designator=R12
Change Component Designator: Old Designator=RF New Designator=RF1
