Added Component: Designator=U2(SO16)
Added Pin To Net: NetName=NetLED7_2 Pin=U2-1
Added Pin To Net: NetName=NetLED6_2 Pin=U2-2
Added Pin To Net: NetName=NetLED5_2 Pin=U2-3
Added Pin To Net: NetName=NetLED4_2 Pin=U2-4
Added Pin To Net: NetName=NetLED3_2 Pin=U2-5
Added Pin To Net: NetName=NetLED2_2 Pin=U2-6
Added Pin To Net: NetName=NetLED1_2 Pin=U2-7
Added Pin To Net: NetName=GND Pin=U2-8
Added Pin To Net: NetName=VCC Pin=U2-10
Added Pin To Net: NetName=ENABLE Pin=U2-11
Added Pin To Net: NetName=CLOCK Pin=U2-12
Added Pin To Net: NetName=GND Pin=U2-13
Added Pin To Net: NetName=NetU2_14 Pin=U2-14
Added Pin To Net: NetName=NetLED8_2 Pin=U2-15
Added Pin To Net: NetName=VCC Pin=U2-16
Added Member To Class: ClassName=SCH1.1 Member=Component C8 Cap Semi
Added Member To Class: ClassName=SCH1.1 Member=Component LED7 or 5050 LEDs, the order of the LEDs may vary from one manufacturer to another!
Added Member To Class: ClassName=SCH1.1 Member=Component LED8 or 5050 LEDs, the order of the LEDs may vary from one manufacturer to another!
Added Member To Class: ClassName=SCH1.1 Member=Component U2 74595
Added Member To Class: ClassName=SCH1.1 Member=Component U4 74595
Added Member To Class: ClassName=SCH1.1 Member=Component U5 74595
Added Room: Name=SCH1.1
