Change Component Designator: Old Designator=Bat New Designator=Bat1
Change Component Designator: Old Designator=C1 New Designator=C6
Change Component Designator: Old Designator=D1 New Designator=D11
Change Component Designator: Old Designator=D2 New Designator=D12
Change Component Designator: Old Designator=D3 New Designator=D1
Change Component Designator: Old Designator=D4 New Designator=D2
Change Component Designator: Old Designator=D5 New Designator=D3
Change Component Designator: Old Designator=D6 New Designator=D4
Change Component Designator: Old Designator=D7 New Designator=D5
Change Component Designator: Old Designator=D8 New Designator=D6
Change Component Designator: Old Designator=D9 New Designator=D7
Change Component Designator: Old Designator=D10 New Designator=D8
Change Component Designator: Old Designator=D11 New Designator=D9
Change Component Designator: Old Designator=D12 New Designator=D10
Change Component Designator: Old Designator=R4 New Designator=R3
Change Component Designator: Old Designator=R5 New Designator=R4
Change Component Designator: Old Designator=R7 New Designator=R5
Change Component Designator: Old Designator=R8 New Designator=R6
Change Component Designator: Old Designator=R9 New Designator=R7
Change Component Designator: Old Designator=R12 New Designator=R8
Change Component Designator: Old Designator=U1 New Designator=U6
Change Component Designator: Old Designator=U2 New Designator=U3
Change Component Designator: Old Designator=U4 New Designator=U2
Change Component Designator: Old Designator=U5 New Designator=U4
Change Component Designator: Old Designator=U6 New Designator=U7
Change Component Designator: Old Designator=U7 New Designator=U8
Change Component Designator: Old Designator=U8 New Designator=U5
