Change Component Designator: Old Designator=Bat New Designator=Bat1
Change Component Designator: Old Designator=C1 New Designator=C2
Change Component Designator: Old Designator=C1 New Designator=C3
Change Component Designator: Old Designator=D3 New Designator=D6
Change Component Designator: Old Designator=D3 New Designator=D9
Change Component Designator: Old Designator=D3 New Designator=D12
Change Component Designator: Old Designator=D3 New Designator=D15
Change Component Designator: Old Designator=D3 New Designator=D18
Change Component Designator: Old Designator=D3 New Designator=D21
Change Component Designator: Old Designator=D3 New Designator=D24
Change Component Designator: Old Designator=D3 New Designator=D27
Change Component Designator: Old Designator=D3 New Designator=D30
Change Component Designator: Old Designator=D3 New Designator=D33
Change Component Designator: Old Designator=D3 New Designator=D36
Change Component Designator: Old Designator=D3 New Designator=D39
Change Component Designator: Old Designator=D3 New Designator=D42
Change Component Designator: Old Designator=D3 New Designator=D45
Change Component Designator: Old Designator=D3 New Designator=D48
Change Component Designator: Old Designator=D4 New Designator=D5
Change Component Designator: Old Designator=D4 New Designator=D7
Change Component Designator: Old Designator=D4 New Designator=D8
Change Component Designator: Old Designator=D4 New Designator=D10
Change Component Designator: Old Designator=D4 New Designator=D11
Change Component Designator: Old Designator=D4 New Designator=D13
Change Component Designator: Old Designator=D4 New Designator=D14
Change Component Designator: Old Designator=D4 New Designator=D16
Change Component Designator: Old Designator=D4 New Designator=D17
Change Component Designator: Old Designator=D4 New Designator=D19
Change Component Designator: Old Designator=D4 New Designator=D20
Change Component Designator: Old Designator=D4 New Designator=D22
Change Component Designator: Old Designator=D4 New Designator=D23
Change Component Designator: Old Designator=D4 New Designator=D25
Change Component Designator: Old Designator=D4 New Designator=D26
Change Component Designator: Old Designator=D4 New Designator=D28
Change Component Designator: Old Designator=D4 New Designator=D29
Change Component Designator: Old Designator=D4 New Designator=D31
Change Component Designator: Old Designator=D4 New Designator=D32
Change Component Designator: Old Designator=D4 New Designator=D34
Change Component Designator: Old Designator=D4 New Designator=D35
Change Component Designator: Old Designator=D4 New Designator=D37
Change Component Designator: Old Designator=D4 New Designator=D38
Change Component Designator: Old Designator=D4 New Designator=D40
Change Component Designator: Old Designator=D4 New Designator=D41
Change Component Designator: Old Designator=D4 New Designator=D43
Change Component Designator: Old Designator=D4 New Designator=D44
Change Component Designator: Old Designator=D4 New Designator=D46
Change Component Designator: Old Designator=D4 New Designator=D47
Change Component Designator: Old Designator=D4 New Designator=D49
Change Component Designator: Old Designator=D4 New Designator=D50
Change Component Designator: Old Designator=Hall New Designator=Hall1
Change Component Designator: Old Designator=RF New Designator=RF1
Change Component Designator: Old Designator=U? New Designator=U4
Change Component Designator: Old Designator=U? New Designator=U5
Change Component Designator: Old Designator=U? New Designator=U6
Change Component Designator: Old Designator=U? New Designator=U7
Change Component Designator: Old Designator=U? New Designator=U8
Change Component Designator: Old Designator=U? New Designator=U9
